{
  "0 debug pnpm:scope": {
    "selected": 1,
    "workspacePrefix": "/Users/luobei/Documents/selfworkspace/eff"
  },
  "1 debug pnpm:package-manifest": {
    "initial": {
      "name": "eff",
      "version": "1.0.0",
      "description": "",
      "main": "index.js",
      "scripts": {
        "start": "create-eff a"
      },
      "keywords": [],
      "author": "",
      "license": "ISC",
      "dependencies": {
        "create-eff": "workspace:^0.1.2"
      },
      "devDependencies": {
        "eslint": "^8.15.0"
      }
    },
    "prefix": "/Users/luobei/Documents/selfworkspace/eff"
  },
  "2 debug pnpm:context": {
    "currentLockfileExists": true,
    "storeDir": "/Users/luobei/Library/pnpm/store/v3",
    "virtualStoreDir": "/Users/luobei/Documents/selfworkspace/eff/node_modules/.pnpm"
  },
  "3 debug pnpm:stage": {
    "prefix": "/Users/luobei/Documents/selfworkspace/eff",
    "stage": "resolution_started"
  },
  "4 debug pnpm:_dependency_resolved": {
    "resolution": "link:packages/create-eff",
    "wanted": {
      "dependentId": ".",
      "name": "create-eff",
      "rawSpec": "workspace:^0.1.2"
    }
  },
  "5 debug pnpm:_dependency_resolved": {
    "resolution": "localhost+4873/eslint/8.15.0",
    "wanted": {
      "dependentId": ".",
      "name": "eslint",
      "rawSpec": "^8.15.0"
    }
  },
  "6 debug pnpm:progress": {
    "packageId": "localhost+4873/eslint/8.15.0",
    "requester": "/Users/luobei/Documents/selfworkspace/eff",
    "status": "found_in_store"
  },
  "7 debug pnpm:progress": {
    "packageId": "localhost+4873/eslint/8.15.0",
    "requester": "/Users/luobei/Documents/selfworkspace/eff",
    "status": "resolved"
  },
  "8 error pnpm": {
    "code": "ERR_PNPM_FETCH_404",
    "hint": "eslint-plugin-egg is not in the npm registry, or you have no permission to fetch it.\n\nAn authorization header was used: Bearer eyJh[hidden]",
    "request": {
      "authHeaderValue": "Bearer eyJhbGciOiJIUzI1NiIsInR5cCI6IkpXVCJ9.eyJyZWFsX2dyb3VwcyI6WyJiZWliZWkubHVvMDEiLCIkYWxsIiwiJGF1dGhlbnRpY2F0ZWQiLCJAYWxsIiwiQGF1dGhlbnRpY2F0ZWQiLCJhbGwiXSwibmFtZSI6ImJlaWJlaS5sdW8wMSIsImdyb3VwcyI6WyJiZWliZWkubHVvMDEiLCIkYWxsIiwiJGF1dGhlbnRpY2F0ZWQiLCJAYWxsIiwiQGF1dGhlbnRpY2F0ZWQiLCJhbGwiXSwiaWF0IjoxNjUyNzcyOTYwLCJuYmYiOjE2NTI3NzI5NjEsImV4cCI6MTY1Nzk1Njk2MH0.uOSLtFyS07nk3zTEDdRsgWj1Sqd3mO2OanTE7C8YAzY",
      "url": "http://localhost:4873/eslint-plugin-egg"
    },
    "response": {
      "size": 0
    },
    "pkgName": "eslint-plugin-egg",
    "spec": {
      "fetchSpec": "latest",
      "name": "eslint-plugin-egg",
      "type": "tag"
    },
    "pkgsStack": [],
    "err": {
      "name": "pnpm",
      "message": "GET http://localhost:4873/eslint-plugin-egg: Not Found - 404",
      "code": "ERR_PNPM_FETCH_404",
      "stack": "pnpm: GET http://localhost:4873/eslint-plugin-egg: Not Found - 404\n    at RetryOperation._fn (/usr/local/lib/node_modules/pnpm/dist/pnpm.cjs:84258:19)\n    at processTicksAndRejections (node:internal/process/task_queues:96:5)"
    }
  }
}